<?xml version="1.0" encoding="UTF-8"?>
<!-- Generated by org.testng.reporters.JUnitXMLReporter -->
<testsuite hostname="LAPTOP-3QHE93VC" ignored="0" name="Flp_Retest" tests="1" failures="1" timestamp="24 Jan 2020 05:02:27 GMT" time="0.035" errors="0">
  <testcase name="retesting" time="0.011" classname="FlipSuite.Retest">
    <failure type="java.lang.NullPointerException">
      <![CDATA[java.lang.NullPointerException
at Flipkartproject.FlipHomepage.Accessflipkart(FlipHomepage.java:21)
at FlipSuite.Retest.retesting(Retest.java:15)
... Removed 25 stack frames]]>
    </failure>
  </testcase> <!-- retesting -->
</testsuite> <!-- Flp_Retest -->
